make all --print-data-base --no-builtin-variables --no-builtin-rules --question
make: *** No rule to make target 'all'.  Stop.

# GNU Make 4.3
# Built for x86_64-pc-linux-gnu
# Copyright (C) 1988-2020 Free Software Foundation, Inc.
# License GPLv3+: GNU GPL version 3 or later <http://gnu.org/licenses/gpl.html>
# This is free software: you are free to change and redistribute it.
# There is NO WARRANTY, to the extent permitted by law.

# Make data base, printed on Sat Jun 11 20:51:58 2022

# Variables

# environment
ZPLUG_PROTOCOL = HTTPS
# environment
GDK_BACKEND = x11
# environment
BATPIPE = color
# environment
LC_ALL = C
# environment
NO_AT_BRIDGE = 1
# environment
ZPLUG_LOG_LOAD_FAILURE = false
# environment
_ZPLUG_AWKPATH = /home/gyt/.zplug/misc/contrib
# environment
ZPLUG_HOME = /home/gyt/.zplug
# environment
VSCODE_IPC_HOOK_EXTHOST = /run/user/1000/vscode-ipc-092d23bd-114a-42ee-886c-debe2c0a9d72.sock
# environment
VSCODE_CWD = /home/gyt/Projects/infosec-competition-202206/server/backend
# environment
WINDOWID = 35651588
# environment
ZSH_CACHE_DIR = /home/gyt/.zplug/repos/robbyrussell/oh-my-zsh/cache/
# environment
PERIOD = 30
# default
MAKE_COMMAND := make
# environment
FPATH = /home/gyt/.zplug/misc/completions:/home/gyt/.zplug/base/sources:/home/gyt/.zplug/autoload:/home/gyt/.zplug/base/utils:/home/gyt/.zplug/base/job:/home/gyt/.zplug/base/log:/home/gyt/.zplug/base/io:/home/gyt/.zplug/base/core:/home/gyt/.zplug/base/base:/home/gyt/.zplug/autoload/commands:/home/gyt/.zplug/autoload/options:/home/gyt/.zplug/autoload/tags:/usr/local/share/zsh/site-functions:/usr/share/zsh/site-functions:/usr/share/zsh/functions/Calendar:/usr/share/zsh/functions/Chpwd:/usr/share/zsh/functions/Completion:/usr/share/zsh/functions/Completion/Base:/usr/share/zsh/functions/Completion/Linux:/usr/share/zsh/functions/Completion/Unix:/usr/share/zsh/functions/Completion/X:/usr/share/zsh/functions/Completion/Zsh:/usr/share/zsh/functions/Exceptions:/usr/share/zsh/functions/Math:/usr/share/zsh/functions/MIME:/usr/share/zsh/functions/Misc:/usr/share/zsh/functions/Newuser:/usr/share/zsh/functions/Prompts:/usr/share/zsh/functions/TCP:/usr/share/zsh/functions/VCS_Info:/usr/share/zsh/functions/VCS_Info/Backends:/usr/share/zsh/functions/Zftp:/usr/share/zsh/functions/Zle:/home/gyt/.zfunc
# environment
_ZPLUG_PREZTO = sorin-ionescu/prezto
# environment
GOPATH = /home/gyt/go
# automatic
@D = $(patsubst %/,%,$(dir $@))
# environment
ZPLUG_LOG_LOAD_SUCCESS = false
# environment
ZPLUG_CACHE_DIR = /home/gyt/.zplug/cache
# environment
VSCODE_HANDLES_UNCAUGHT_ERRORS = true
# default
.VARIABLES := 
# environment
PWD = /home/gyt/Projects/infosec-competition-202206/client
# automatic
%D = $(patsubst %/,%,$(dir $%))
# environment
ZPLUG_ERROR_LOG = /home/gyt/.zplug/.error_log
# environment
MAIL = /var/spool/mail/gyt
# environment
ZPLUG_REPOS = /home/gyt/.zplug/repos
# environment
OLDPWD = /home/gyt/Projects/infosec-competition-202206
# environment
http_proxy = http://127.0.0.1:20171
# automatic
^D = $(patsubst %/,%,$(dir $^))
# environment
VSCODE_LOG_STACK = false
# automatic
%F = $(notdir $%)
# environment
ALACRITTY_SOCKET = /run/user/1000/Alacritty-:0-755727.sock
# environment
VSCODE_CODE_CACHE_PATH = /home/gyt/.config/Code/CachedData/c3511e6c69bb39013c4a4b7b9566ec1ca73fc4d5
# environment
CONDA_PROMPT_MODIFIER = (base) 
# environment
XDG_SESSION_PATH = /org/freedesktop/DisplayManager/Session0
# environment
LANG = C
# environment
XAUTHORITY = /home/gyt/.Xauthority
# default
.LOADED := 
# default
.INCLUDE_DIRS = /usr/include /usr/local/include /usr/include
# makefile
MAKEFLAGS = pqrR
# environment
ZPLUG_FILTER = fzf-tmux:fzf:peco:percol:fzy:zaw
# environment
_ZPLUG_CONFIG_SUBSHELL = :
# environment
_ZPLUG_VERSION = 2.4.2
# makefile
CURDIR := /home/gyt/Projects/infosec-competition-202206/client
# environment
VSCODE_PIPE_LOGGING = true
# environment
APPLICATION_INSIGHTS_NO_DIAGNOSTIC_CHANNEL = 1
# environment
LESSOPEN = |/usr/bin/batpipe %s
# automatic
*D = $(patsubst %/,%,$(dir $*))
# environment
ZPLUG_LOADFILE = /home/gyt/.zplug/packages.zsh
# environment
MFLAGS = -pqrR
# environment
SSH_AUTH_SOCK = /run/user/1000/ssh-agent.socket
# default
.SHELLFLAGS := -c
# automatic
+D = $(patsubst %/,%,$(dir $+))
# environment
P9K_SSH = 0
# environment
XDG_SESSION_DESKTOP = awesome
# makefile (from 'Makefile', line 1)
MAKEFILE_LIST := Makefile
# environment
CONDA_SHLVL = 1
# automatic
@F = $(notdir $@)
# environment
ZSH = /home/gyt/.zplug/repos/robbyrussell/oh-my-zsh
# environment
VSCODE_VERBOSE_LOGGING = true
# environment
VSCODE_PID = 756339
# environment
XDG_SESSION_TYPE = x11
# automatic
?D = $(patsubst %/,%,$(dir $?))
# environment
INPUT_METHOD = fcitx
# environment
CONDA_PYTHON_EXE = /home/gyt/miniconda3/bin/python
# environment
_ZPLUG_OHMYZSH = robbyrussell/oh-my-zsh
# automatic
*F = $(notdir $*)
# environment
CHROME_DESKTOP = code-url-handler.desktop
# environment
DBUS_SESSION_BUS_ADDRESS = unix:path=/run/user/1000/bus
# automatic
<D = $(patsubst %/,%,$(dir $<))
# environment
P9K_TTY = old
# environment
VSCODE_NLS_CONFIG = {"locale":"en-us","availableLanguages":{},"_languagePackSupport":true}
# default
MAKE_HOST := x86_64-pc-linux-gnu
# environment
SDL_IM_MODULE = fcitx
# environment
CONDA_PREFIX = /home/gyt/miniconda3
# makefile
SHELL = /bin/sh
# default
MAKECMDGOALS := all
# environment
XMODIFIERS = @im=fcitx
# environment
SHLVL = 2
# environment
MAKELEVEL := 0
# default
MAKE = $(MAKE_COMMAND)
# environment
ZPLUG_USE_CACHE = true
# environment
PATH = /home/gyt/miniconda3/bin:/home/gyt/miniconda3/condabin:/home/gyt/.zplug/bin:/usr/local/bin:/usr/bin:/bin:/usr/local/sbin:/usr/bin/site_perl:/usr/bin/vendor_perl:/usr/bin/core_perl:/home/gyt/.cargo/bin:/home/gyt/.local/bin:/home/gyt/go/bin
# default
MAKEFILES := 
# environment
MOTD_SHOWN = pam
# automatic
^F = $(notdir $^)
# environment
VSCODE_LOG_NATIVE = false
# automatic
?F = $(notdir $?)
# environment
ZPLUG_THREADS = 16
# environment
XDG_SEAT = seat0
# environment
GTK_IM_MODULE = fcitx
# environment
ALACRITTY_LOG = /tmp/Alacritty-755727.log
# automatic
+F = $(notdir $+)
# environment
XDG_SEAT_PATH = /org/freedesktop/DisplayManager/Seat0
# environment
LESS =  -R
# environment
DESKTOP_SESSION = awesome
# environment
ORIGINAL_XDG_CURRENT_DESKTOP = undefined
# 'override' directive
GNUMAKEFLAGS := 
# environment
CONDA_DEFAULT_ENV = base
# environment
ZPLUG_BIN = /home/gyt/.zplug/bin
# environment
LOGNAME = gyt
# environment
XDG_VTNR = 7
# makefile
.DEFAULT_GOAL := 
# environment
EDITOR = lvim
# environment
DISPLAY = :0
# environment
GTK_MODULES = canberra-gtk-module
# environment
USER = gyt
# default
MAKE_VERSION := 4.3
# environment
GLFW_IM_MODULE = ibus
# environment
_ = /usr/bin/make
# environment
ZPLUG_ROOT = /home/gyt/.zplug
# environment
XDG_RUNTIME_DIR = /run/user/1000
# environment
COLORTERM = truecolor
# environment
_CE_M = 
# environment
GOMODCACHE = /home/gyt/go/pkg/mod
# environment
XDG_SESSION_CLASS = user
# environment
VSCODE_AMD_ENTRYPOINT = vs/workbench/api/node/extensionHostProcess
# environment
HOME = /home/gyt
# environment
QT_IM_MODULE = fcitx
# environment
ELECTRON_RUN_AS_NODE = 1
# environment
VSCODE_IPC_HOOK = /run/user/1000/vscode-3d3ca030-1.67.2-main.sock
# environment
TERM = alacritty
# environment
XDG_SESSION_ID = 2
# environment
GOPROXY = https://proxy.golang.org,direct
# default
.RECIPEPREFIX := 
# automatic
<F = $(notdir $<)
# default
SUFFIXES := 
# environment
_P9K_TTY = /dev/pts/0
# environment
VSCODE_CLI = 1
# environment
ELECTRON_NO_ATTACH_CONSOLE = 1
# environment
XDG_GREETER_DATA_DIR = /var/lib/lightdm-data/gyt
# default
.FEATURES := target-specific order-only second-expansion else-if shortest-stem undefine oneshell nocomment grouped-target extra-prereqs archives jobserver output-sync check-symlink guile load
# environment
_ZPLUG_URL = https://github.com/zplug/zplug
# environment
https_proxy = http://127.0.0.1:20171
# environment
CONDA_EXE = /home/gyt/miniconda3/bin/conda
# environment
_CE_CONDA = 
# environment
GDMSESSION = awesome
# variable set hash-table stats:
# Load=138/1024=13%, Rehash=0, Collisions=7/167=4%

# Pattern-specific Variable Values

# No pattern-specific variable values.

# Directories

# . (device 2051, inode 52800507): 6 files, no impossibilities.

# 6 files, no impossibilities in 1 directories.

# Implicit Rules

# No implicit rules.

# Files

# Not a target:
Makefile:
#  Implicit rule search has been done.
#  Last modified 2022-06-10 20:14:18.982607896
#  File has been updated.
#  Successfully updated.

# Not a target:
.DEFAULT:
#  Implicit rule search has not been done.
#  Modification time never checked.
#  File has not been updated.

# Not a target:
all:
#  Command line target.
#  Implicit rule search has been done.
#  File does not exist.
#  File has not been updated.

# files hash-table stats:
# Load=4/1024=0%, Rehash=0, Collisions=0/14=0%
# VPATH Search Paths

# No 'vpath' search paths.

# No general ('VPATH' variable) search path.

# strcache buffers: 1 (0) / strings = 11 / storage = 94 B / avg = 8 B
# current buf: size = 8162 B / used = 94 B / count = 11 / avg = 8 B

# strcache performance: lookups = 15 / hit rate = 26%
# hash-table stats:
# Load=11/8192=0%, Rehash=0, Collisions=0/15=0%
# Finished Make data base on Sat Jun 11 20:51:58 2022

 
